<?xml version="1.0" encoding="UTF-8"?>
<!-- Generated by org.testng.reporters.JUnitXMLReporter -->
<testsuite ignored="0" hostname="Davids-MBP" failures="1" tests="1" name="Default test(failed)" time="5.047" errors="0" timestamp="21 Nov. 2018 03:32:49 GMT">
  <testcase classname="co.indebted.mypackage.tests.portals.AgentPortalTest" name="agentPortalTest" time="0.008">
    <failure type="java.lang.Error" message="Unresolved compilation problems: 
	The method getAgentPortalReviewDetailsButton() is undefined for the type DebtPageFactory
	The method getAgentPortalReviewDetailsButton() is undefined for the type DebtPageFactory
	The method getAgentPortalReviewDetailsButton() is undefined for the type DebtPageFactory
">
      <![CDATA[java.lang.Error: Unresolved compilation problems: 
The method getAgentPortalReviewDetailsButton() is undefined for the type DebtPageFactory
The method getAgentPortalReviewDetailsButton() is undefined for the type DebtPageFactory
The method getAgentPortalReviewDetailsButton() is undefined for the type DebtPageFactory

at co.indebted.mypackage.tests.portals.AgentPortalTest.agentPortalTest(AgentPortalTest.java:134)
... Removed 25 stack frames]]>
    </failure>
  </testcase> <!-- agentPortalTest -->
</testsuite> <!-- Default test(failed) -->
