<?xml version="1.0" encoding="UTF-8"?>
<testng-results ignored="0" total="3" passed="3" failed="0" skipped="0">
  <reporter-output>
  </reporter-output>
  <suite started-at="2018-11-05T22:57:24Z" name="Indebted Automation Testing" finished-at="2018-11-05T22:58:02Z" duration-ms="38009">
    <groups>
    </groups>
    <test started-at="2018-11-05T22:57:24Z" name="LogIn" finished-at="2018-11-05T22:57:37Z" duration-ms="13143">
      <class name="co.indebted.mypackage.tests.LoginTest">
        <test-method is-config="true" signature="setUp()[pri:0, instance:co.indebted.mypackage.tests.LoginTest@139982de]" started-at="2018-11-05T22:57:24Z" name="setUp" finished-at="2018-11-05T22:57:29Z" duration-ms="4452" status="PASS">
          <reporter-output>
          </reporter-output>
        </test-method> <!-- setUp -->
        <test-method signature="loginTestPOM()[pri:0, instance:co.indebted.mypackage.tests.LoginTest@139982de]" started-at="2018-11-05T22:57:29Z" name="loginTestPOM" finished-at="2018-11-05T22:57:37Z" duration-ms="8022" status="PASS">
          <reporter-output>
          </reporter-output>
        </test-method> <!-- loginTestPOM -->
        <test-method is-config="true" signature="closeDown()[pri:0, instance:co.indebted.mypackage.tests.LoginTest@139982de]" started-at="2018-11-05T22:57:37Z" name="closeDown" finished-at="2018-11-05T22:57:37Z" duration-ms="644" status="PASS">
          <reporter-output>
          </reporter-output>
        </test-method> <!-- closeDown -->
      </class> <!-- co.indebted.mypackage.tests.LoginTest -->
    </test> <!-- LogIn -->
    <test started-at="2018-11-05T22:57:37Z" name="ResetPassword" finished-at="2018-11-05T22:57:46Z" duration-ms="8360">
      <class name="co.indebted.mypackage.tests.ResetPasswordTest">
        <test-method is-config="true" signature="setUp()[pri:0, instance:co.indebted.mypackage.tests.ResetPasswordTest@367ffa75]" started-at="2018-11-05T22:57:37Z" name="setUp" finished-at="2018-11-05T22:57:40Z" duration-ms="2173" status="PASS">
          <reporter-output>
          </reporter-output>
        </test-method> <!-- setUp -->
        <test-method signature="resetPassword()[pri:0, instance:co.indebted.mypackage.tests.ResetPasswordTest@367ffa75]" started-at="2018-11-05T22:57:40Z" name="resetPassword" finished-at="2018-11-05T22:57:45Z" duration-ms="5748" status="PASS">
          <reporter-output>
          </reporter-output>
        </test-method> <!-- resetPassword -->
        <test-method is-config="true" signature="closeDown()[pri:0, instance:co.indebted.mypackage.tests.ResetPasswordTest@367ffa75]" started-at="2018-11-05T22:57:45Z" name="closeDown" finished-at="2018-11-05T22:57:46Z" duration-ms="437" status="PASS">
          <reporter-output>
          </reporter-output>
        </test-method> <!-- closeDown -->
      </class> <!-- co.indebted.mypackage.tests.ResetPasswordTest -->
    </test> <!-- ResetPassword -->
    <test started-at="2018-11-05T22:57:46Z" name="Analyse" finished-at="2018-11-05T22:58:02Z" duration-ms="16456">
      <class name="co.indebted.mypackage.tests.AnalyseTest">
        <test-method is-config="true" signature="setUp()[pri:0, instance:co.indebted.mypackage.tests.AnalyseTest@7a8c8dcf]" started-at="2018-11-05T22:57:46Z" name="setUp" finished-at="2018-11-05T22:57:48Z" duration-ms="1965" status="PASS">
          <reporter-output>
          </reporter-output>
        </test-method> <!-- setUp -->
        <test-method signature="AnalyseTestPOM()[pri:0, instance:co.indebted.mypackage.tests.AnalyseTest@7a8c8dcf]" started-at="2018-11-05T22:57:48Z" name="AnalyseTestPOM" finished-at="2018-11-05T22:58:02Z" duration-ms="13749" status="PASS">
          <reporter-output>
          </reporter-output>
        </test-method> <!-- AnalyseTestPOM -->
        <test-method is-config="true" signature="closeDown()[pri:0, instance:co.indebted.mypackage.tests.AnalyseTest@7a8c8dcf]" started-at="2018-11-05T22:58:02Z" name="closeDown" finished-at="2018-11-05T22:58:02Z" duration-ms="741" status="PASS">
          <reporter-output>
          </reporter-output>
        </test-method> <!-- closeDown -->
      </class> <!-- co.indebted.mypackage.tests.AnalyseTest -->
    </test> <!-- Analyse -->
  </suite> <!-- Indebted Automation Testing -->
</testng-results>
